Arguments: 
  /Users/vincentmolinie/.nvm/versions/node/v11.14.0/bin/node /usr/local/Cellar/yarn/1.15.2/libexec/bin/yarn.js

PATH: 
  /Users/vincentmolinie/.rvm/gems/ruby-2.5.1/bin:/Users/vincentmolinie/.rvm/gems/ruby-2.5.1@global/bin:/Users/vincentmolinie/.rvm/rubies/ruby-2.5.1/bin:/usr/local/opt/icu4c/sbin:/usr/local/opt/icu4c/bin:/usr/local/opt/postgresql@9.5/bin:/Users/vincentmolinie/.nvm/versions/node/v11.14.0/bin:/usr/local/opt/postgresql@9.4/bin:/usr/local/bin:/usr/bin:/bin:/usr/sbin:/sbin:/Users/vincentmolinie/.rvm/bin

Yarn version: 
  1.15.2

Node version: 
  11.14.0

Platform: 
  darwin x64

Trace: 
  Error: write EADDRNOTAVAIL
      at WriteWrap.onWriteComplete [as oncomplete] (internal/stream_base_commons.js:67:16)

npm manifest: 
  {
    "name": "ember-validations",
    "version": "2.0.1",
    "description": "Validations for Ember Objects",
    "directories": {
      "doc": "doc",
      "test": "tests"
    },
    "scripts": {
      "build": "ember build",
      "start": "ember server",
      "test": "ember try:each"
    },
    "repository": "https://github.com/dockyard/ember-validations",
    "engines": {
      "node": ">= 0.10.0"
    },
    "author": "Brian Cardarella",
    "license": "MIT",
    "devDependencies": {
      "broccoli-asset-rev": "^2.4.2",
      "ember-ajax": "^2.0.1",
      "ember-cli": "2.18.2",
      "ember-source": "2.18.2",
      "ember-cli-app-version": "^1.0.0",
      "ember-cli-dependency-checker": "^1.2.0",
      "ember-cli-htmlbars": "^1.0.3",
      "ember-cli-htmlbars-inline-precompile": "^0.3.1",
      "ember-cli-inject-live-reload": "^1.4.0",
      "ember-cli-jshint": "^1.0.0",
      "ember-cli-qunit": "^2.0.0",
      "ember-cli-release": "^0.2.9",
      "ember-cli-sri": "^2.1.0",
      "ember-cli-test-loader": "^1.1.0",
      "ember-cli-uglify": "^1.2.0",
      "ember-disable-prototype-extensions": "^1.1.0",
      "ember-export-application-global": "^1.0.5",
      "ember-load-initializers": "^0.5.1",
      "ember-resolver": "^2.0.3",
      "ember-suave": "4.0.0",
      "ember-test-container": "0.1.0",
      "loader.js": "^4.0.1"
    },
    "keywords": [
      "ember-addon"
    ],
    "dependencies": {
      "ember-cli-babel": "6.6.0",
      "ember-getowner-polyfill": "^1.0.0"
    },
    "ember-addon": {
      "configPath": "tests/dummy/config"
    }
  }

yarn manifest: 
  No manifest

Lockfile: 
  No lockfile
